     Assembly listing for: InputOutput.mas
                Assembled: Tue Feb 25 11:36:54 CST 2014

         |                          /********************************
         |                          / program name
         |                          /
         |                          / Description
         |                          / 
         |                          / *******************************
         |                          
         |                          
         |         ORG 100          / Example 4.1
100 5000 |         INPUT            / Read a value from the keyboard into AC
101 6000 |         OUTPUT           / output that value in the AC to the screen
102 1105 |         LOAD Test        / grab the value of Test and put in AC register
103 6000 |         OUTPUT           / output the value of test to the screen
104 7000 |         HALT             / end the program
         |                          
105 002D |  Test   DEC 45           / Just a random number that we will output
         |                          
         |                          /	Load	 Addr	/Load address of first number to be added	
         |                          /	Store	 Next	/Store this address is our Next pointer		
         |                          /	Load 	 Num	/Load the number of items to be added		
         |                          /	Subt	 One	/Decrement 		
         |                          /	Store	 Ctr	/Store this value in Ctr to control looping		
         |                          /Loop,	Load 	 Sum	/Load the Sum into AC		
         |                          /	AddI	 Next	/Add the value pointed to by location Next		
         |                          /	Store	 Sum	/Store this sum		
         |                          	
         |                          	
         |                          /	Skipcond 000	/If control variable < 0, skip next instruction
         |                          
         |                          /	Skipcond 800	/If control variable > 0, skip next instruction
         |                          
         |                          /	Skipcond 400	/If control variable = 0, skip next instruction
         |                          
         |                          		
         |                          /	Jump	 Loop	/Otherwise, go to Loop		
         |                          /	Halt		/Terminate program		
         |                          	
         |                          /Num,	Dec	 5	/The number of values to add 		
         |                          /Sum,	Dec	 0	/The sum		
         |                          /Ctr,	Hex	 0	/The loop control variable		
         |                          /One,	Dec	 1	/Used to increment and decrement by 1		
         |                          /	Dec	 10	/The values to be added together		
         |                          /	Dec	 15
         |                          /	Dec	 20
         |                          /	Dec	 25
         |                          /	Dec	 30		

Assembly successful.

         SYMBOL TABLE
         --------------------------------------------------
          Symbol | Defined | References 
         --------+---------+-------------------------------
          Test   |   105   | 102
         --------------------------------------------------

